<?xml version="1.0" encoding="UTF-8"?>
<!-- Generated by org.testng.reporters.JUnitReportReporter -->
<testsuite hostname="DESKTOP-015DLJU" failures="0" tests="1" name="mobileElementGestures.DragAndDropGesture" time="28.496" errors="0" timestamp="2024-06-27T10:32:00 IST" skipped="0">
  <testcase classname="mobileElementGestures.DragAndDropGesture" name="testDragAndDropGesture" time="28.496"/>
</testsuite> <!-- mobileElementGestures.DragAndDropGesture -->
