<?xml version="1.0" encoding="UTF-8"?>
<!-- Generated by org.testng.reporters.JUnitReportReporter -->
<testsuite hostname="DESKTOP-015DLJU" failures="0" tests="1" name="mobileElementGestures.LocatorsDemo" time="36.263" errors="0" timestamp="2024-06-26T23:48:37 IST" skipped="0">
  <testcase classname="mobileElementGestures.LocatorsDemo" name="elementLocator" time="36.263"/>
</testsuite> <!-- mobileElementGestures.LocatorsDemo -->
