<?xml version="1.0" encoding="UTF-8"?>
<!-- Generated by org.testng.reporters.JUnitReportReporter -->
<testsuite hostname="DESKTOP-015DLJU" failures="0" tests="1" name="mobileScenarios.AlertHandling" time="18.625" errors="0" timestamp="2024-06-27T12:17:17 IST" skipped="0">
  <testcase classname="mobileScenarios.AlertHandling" name="testAlertHandling" time="18.625"/>
</testsuite> <!-- mobileScenarios.AlertHandling -->
