<?xml version="1.0" encoding="UTF-8"?>
<!-- Generated by org.testng.reporters.JUnitReportReporter -->
<testsuite hostname="DESKTOP-015DLJU" failures="0" tests="1" name="mobileScenarios.ScreenShots" time="15.377" errors="0" timestamp="2024-06-27T14:03:31 IST" skipped="0">
  <testcase classname="mobileScenarios.ScreenShots" name="captureScreenShots" time="15.377"/>
</testsuite> <!-- mobileScenarios.ScreenShots -->
