<?xml version="1.0" encoding="UTF-8"?>
<!-- Generated by org.testng.reporters.JUnitReportReporter -->
<testsuite hostname="DESKTOP-015DLJU" failures="0" tests="1" name="mobileElementGestures.SwipeGesture" time="20.467" errors="0" timestamp="2024-06-27T12:06:38 IST" skipped="0">
  <testcase classname="mobileElementGestures.SwipeGesture" name="testSwipeGesture" time="20.467"/>
</testsuite> <!-- mobileElementGestures.SwipeGesture -->
