<?xml version="1.0" encoding="UTF-8"?>
<!-- Generated by org.testng.reporters.JUnitReportReporter -->
<testsuite hostname="DESKTOP-015DLJU" failures="0" tests="1" name="mobileElementGestures.DoubleClickGesture" time="19.969" errors="0" timestamp="2024-06-27T14:09:53 IST" skipped="0">
  <testcase classname="mobileElementGestures.DoubleClickGesture" name="testDoubleClickGesture" time="19.969"/>
</testsuite> <!-- mobileElementGestures.DoubleClickGesture -->
