<?xml version="1.0" encoding="UTF-8"?>
<!-- Generated by org.testng.reporters.JUnitReportReporter -->
<testsuite hostname="DESKTOP-015DLJU" failures="0" tests="1" name="mobileElementGestures.ClickGesture" time="16.688" errors="0" timestamp="2024-06-27T14:07:45 IST" skipped="0">
  <testcase classname="mobileElementGestures.ClickGesture" name="testClickGesture" time="16.688"/>
</testsuite> <!-- mobileElementGestures.ClickGesture -->
