<?xml version="1.0" encoding="UTF-8"?>
<!-- Generated by org.testng.reporters.JUnitReportReporter -->
<testsuite hostname="DESKTOP-015DLJU" failures="0" tests="1" name="driverSessions.SessionWithAppPkgandAppActivity" time="12.353" errors="0" timestamp="2024-06-26T00:57:24 IST" skipped="0">
  <testcase classname="driverSessions.SessionWithAppPkgandAppActivity" name="createSession" time="12.353"/>
</testsuite> <!-- driverSessions.SessionWithAppPkgandAppActivity -->
