<?xml version="1.0" encoding="UTF-8"?>
<!-- Generated by org.testng.reporters.JUnitReportReporter -->
<testsuite hostname="DESKTOP-015DLJU" failures="0" tests="1" name="mobileScenarios.KeyEvent" time="35.872" errors="0" timestamp="2024-06-27T13:48:14 IST" skipped="0">
  <testcase classname="mobileScenarios.KeyEvent" name="testKeyboard" time="35.872"/>
</testsuite> <!-- mobileScenarios.KeyEvent -->
