<?xml version="1.0" encoding="UTF-8"?>
<!-- Generated by org.testng.reporters.JUnitReportReporter -->
<testsuite hostname="DESKTOP-015DLJU" failures="0" tests="1" name="mobileElementGestures.LongClickGesture" time="21.039" errors="0" timestamp="2024-06-27T01:56:49 IST" skipped="0">
  <testcase classname="mobileElementGestures.LongClickGesture" name="testLongClickGesture" time="21.039"/>
</testsuite> <!-- mobileElementGestures.LongClickGesture -->
