<?xml version="1.0" encoding="UTF-8"?>
<!-- Generated by org.testng.reporters.JUnitReportReporter -->
<testsuite hostname="DESKTOP-015DLJU" failures="0" tests="1" name="mobileElementGestures.ScrollGesture" time="34.095" errors="0" timestamp="2024-06-27T13:47:23 IST" skipped="0">
  <testcase classname="mobileElementGestures.ScrollGesture" name="testScrollGesture" time="34.095"/>
</testsuite> <!-- mobileElementGestures.ScrollGesture -->
