<?xml version="1.0" encoding="UTF-8"?>
<!-- Generated by org.testng.reporters.JUnitReportReporter -->
<testsuite hostname="DESKTOP-015DLJU" failures="0" tests="1" name="driverSessions.UIAutomator2OptionsSession" time="22.405" errors="0" timestamp="2024-06-26T00:23:51 IST" skipped="0">
  <testcase classname="driverSessions.UIAutomator2OptionsSession" name="createDriverSession" time="22.405"/>
</testsuite> <!-- driverSessions.UIAutomator2OptionsSession -->
